# JRE version: OpenJDK Runtime Environment (8.0_45-b14) (build 1.8.0_45-internal-b14)
# Java VM: OpenJDK 64-Bit Server VM (25.45-b02 mixed mode linux-amd64 compressed oops)
Heap:
 PSYoungGen      total 230400K, used 45573K [0x00000000d7000000, 0x00000000f6400000, 0x0000000100000000)
  eden space 142336K, 20% used [0x00000000d7000000,0x00000000d8d137e8,0x00000000dfb00000)
  from space 88064K, 17% used [0x00000000dfb00000,0x00000000e0a6dfd0,0x00000000e5100000)
  to   space 148992K, 0% used [0x00000000ed280000,0x00000000ed280000,0x00000000f6400000)
 ParOldGen       total 488448K, used 300949K [0x0000000085000000, 0x00000000a2d00000, 0x00000000d7000000)
  object space 488448K, 61% used [0x0000000085000000,0x00000000975e5508,0x00000000a2d00000)
 Metaspace       used 5054K, capacity 5564K, committed 5760K, reserved 1056768K
  class space    used 544K, capacity 592K, committed 640K, reserved 1048576K
GC Heap History (10 events):
Event: 0.752 GC heap before
{Heap before GC invocations=6 (full 1):
 PSYoungGen      total 102912K, used 102880K [0x00000000d7000000, 0x00000000df600000, 0x0000000100000000)
  eden space 97792K, 100% used [0x00000000d7000000,0x00000000dcf80000,0x00000000dcf80000)
  from space 5120K, 99% used [0x00000000df100000,0x00000000df5f8040,0x00000000df600000)
  to   space 5120K, 0% used [0x00000000dec00000,0x00000000dec00000,0x00000000df100000)
 ParOldGen       total 188416K, used 116102K [0x0000000085000000, 0x0000000090800000, 0x00000000d7000000)
  object space 188416K, 61% used [0x0000000085000000,0x000000008c161930,0x0000000090800000)
 Metaspace       used 4695K, capacity 5342K, committed 5504K, reserved 1056768K
  class space    used 501K, capacity 539K, committed 640K, reserved 1048576K
Event: 0.842 GC heap after
Heap after GC invocations=6 (full 1):
 PSYoungGen      total 132096K, used 5088K [0x00000000d7000000, 0x00000000e9980000, 0x0000000100000000)
  eden space 126976K, 0% used [0x00000000d7000000,0x00000000d7000000,0x00000000dec00000)
  from space 5120K, 99% used [0x00000000dec00000,0x00000000df0f8020,0x00000000df100000)
  to   space 74240K, 0% used [0x00000000e5100000,0x00000000e5100000,0x00000000e9980000)
 ParOldGen       total 188416K, used 174470K [0x0000000085000000, 0x0000000090800000, 0x00000000d7000000)
  object space 188416K, 92% used [0x0000000085000000,0x000000008fa61a90,0x0000000090800000)
 Metaspace       used 4695K, capacity 5342K, committed 5504K, reserved 1056768K
  class space    used 501K, capacity 539K, committed 640K, reserved 1048576K
}
Event: 0.842 GC heap before
{Heap before GC invocations=7 (full 2):
 PSYoungGen      total 132096K, used 5088K [0x00000000d7000000, 0x00000000e9980000, 0x0000000100000000)
  eden space 126976K, 0% used [0x00000000d7000000,0x00000000d7000000,0x00000000dec00000)
  from space 5120K, 99% used [0x00000000dec00000,0x00000000df0f8020,0x00000000df100000)
  to   space 74240K, 0% used [0x00000000e5100000,0x00000000e5100000,0x00000000e9980000)
 ParOldGen       total 188416K, used 174470K [0x0000000085000000, 0x0000000090800000, 0x00000000d7000000)
  object space 188416K, 92% used [0x0000000085000000,0x000000008fa61a90,0x0000000090800000)
 Metaspace       used 4695K, capacity 5342K, committed 5504K, reserved 1056768K
  class space    used 501K, capacity 539K, committed 640K, reserved 1048576K
Event: 1.186 GC heap after
Heap after GC invocations=7 (full 2):
 PSYoungGen      total 132096K, used 0K [0x00000000d7000000, 0x00000000e9980000, 0x0000000100000000)
  eden space 126976K, 0% used [0x00000000d7000000,0x00000000d7000000,0x00000000dec00000)
  from space 5120K, 0% used [0x00000000dec00000,0x00000000dec00000,0x00000000df100000)
  to   space 74240K, 0% used [0x00000000e5100000,0x00000000e5100000,0x00000000e9980000)
 ParOldGen       total 301568K, used 163570K [0x0000000085000000, 0x0000000097680000, 0x00000000d7000000)
  object space 301568K, 54% used [0x0000000085000000,0x000000008efbc8d0,0x0000000097680000)
 Metaspace       used 4695K, capacity 5342K, committed 5504K, reserved 1056768K
  class space    used 501K, capacity 539K, committed 640K, reserved 1048576K
}
Event: 1.310 GC heap before
{Heap before GC invocations=8 (full 2):
 PSYoungGen      total 132096K, used 126297K [0x00000000d7000000, 0x00000000e9980000, 0x0000000100000000)
  eden space 126976K, 99% used [0x00000000d7000000,0x00000000deb56550,0x00000000dec00000)
  from space 5120K, 0% used [0x00000000dec00000,0x00000000dec00000,0x00000000df100000)
  to   space 74240K, 0% used [0x00000000e5100000,0x00000000e5100000,0x00000000e9980000)
 ParOldGen       total 301568K, used 163570K [0x0000000085000000, 0x0000000097680000, 0x00000000d7000000)
  object space 301568K, 54% used [0x0000000085000000,0x000000008efbc8d0,0x0000000097680000)
 Metaspace       used 4790K, capacity 5422K, committed 5504K, reserved 1056768K
  class space    used 512K, capacity 579K, committed 640K, reserved 1048576K
Event: 1.398 GC heap after
Heap after GC invocations=8 (full 2):
 PSYoungGen      total 216576K, used 73792K [0x00000000d7000000, 0x00000000ecf80000, 0x0000000100000000)
  eden space 142336K, 0% used [0x00000000d7000000,0x00000000d7000000,0x00000000dfb00000)
  from space 74240K, 99% used [0x00000000e5100000,0x00000000e9910150,0x00000000e9980000)
  to   space 88064K, 0% used [0x00000000dfb00000,0x00000000dfb00000,0x00000000e5100000)
 ParOldGen       total 301568K, used 163578K [0x0000000085000000, 0x0000000097680000, 0x00000000d7000000)
  object space 301568K, 54% used [0x0000000085000000,0x000000008efbe8d0,0x0000000097680000)
 Metaspace       used 4790K, capacity 5422K, committed 5504K, reserved 1056768K
  class space    used 512K, capacity 579K, committed 640K, reserved 1048576K
}
Event: 1.485 GC heap before
{Heap before GC invocations=9 (full 2):
 PSYoungGen      total 216576K, used 216128K [0x00000000d7000000, 0x00000000ecf80000, 0x0000000100000000)
  eden space 142336K, 100% used [0x00000000d7000000,0x00000000dfb00000,0x00000000dfb00000)
  from space 74240K, 99% used [0x00000000e5100000,0x00000000e9910150,0x00000000e9980000)
  to   space 88064K, 0% used [0x00000000dfb00000,0x00000000dfb00000,0x00000000e5100000)
 ParOldGen       total 301568K, used 163578K [0x0000000085000000, 0x0000000097680000, 0x00000000d7000000)
  object space 301568K, 54% used [0x0000000085000000,0x000000008efbe8d0,0x0000000097680000)
 Metaspace       used 4889K, capacity 5500K, committed 5760K, reserved 1056768K
  class space    used 524K, capacity 592K, committed 640K, reserved 1048576K
Event: 1.681 GC heap after
Heap after GC invocations=9 (full 2):
 PSYoungGen      total 230400K, used 88060K [0x00000000d7000000, 0x00000000f6400000, 0x0000000100000000)
  eden space 142336K, 0% used [0x00000000d7000000,0x00000000d7000000,0x00000000dfb00000)
  from space 88064K, 99% used [0x00000000dfb00000,0x00000000e50ff060,0x00000000e5100000)
  to   space 148992K, 0% used [0x00000000ed280000,0x00000000ed280000,0x00000000f6400000)
 ParOldGen       total 301568K, used 254303K [0x0000000085000000, 0x0000000097680000, 0x00000000d7000000)
  object space 301568K, 84% used [0x0000000085000000,0x0000000094857c20,0x0000000097680000)
 Metaspace       used 4889K, capacity 5500K, committed 5760K, reserved 1056768K
  class space    used 524K, capacity 592K, committed 640K, reserved 1048576K
}
Event: 1.681 GC heap before
{Heap before GC invocations=10 (full 3):
 PSYoungGen      total 230400K, used 88060K [0x00000000d7000000, 0x00000000f6400000, 0x0000000100000000)
  eden space 142336K, 0% used [0x00000000d7000000,0x00000000d7000000,0x00000000dfb00000)
  from space 88064K, 99% used [0x00000000dfb00000,0x00000000e50ff060,0x00000000e5100000)
  to   space 148992K, 0% used [0x00000000ed280000,0x00000000ed280000,0x00000000f6400000)
 ParOldGen       total 301568K, used 254303K [0x0000000085000000, 0x0000000097680000, 0x00000000d7000000)
  object space 301568K, 84% used [0x0000000085000000,0x0000000094857c20,0x0000000097680000)
 Metaspace       used 4889K, capacity 5500K, committed 5760K, reserved 1056768K
  class space    used 524K, capacity 592K, committed 640K, reserved 1048576K
Event: 2.269 GC heap after
Heap after GC invocations=10 (full 3):
 PSYoungGen      total 230400K, used 15799K [0x00000000d7000000, 0x00000000f6400000, 0x0000000100000000)
  eden space 142336K, 0% used [0x00000000d7000000,0x00000000d7000000,0x00000000dfb00000)
  from space 88064K, 17% used [0x00000000dfb00000,0x00000000e0a6dfd0,0x00000000e5100000)
  to   space 148992K, 0% used [0x00000000ed280000,0x00000000ed280000,0x00000000f6400000)
 ParOldGen       total 488448K, used 300949K [0x0000000085000000, 0x00000000a2d00000, 0x00000000d7000000)
  object space 488448K, 61% used [0x0000000085000000,0x00000000975e5508,0x00000000a2d00000)
 Metaspace       used 4889K, capacity 5500K, committed 5760K, reserved 1056768K
  class space    used 524K, capacity 592K, committed 640K, reserved 1048576K
}

