# JRE version: OpenJDK Runtime Environment (8.0_45-b14) (build 1.8.0_45-internal-b14)
# Java VM: OpenJDK 64-Bit Server VM (25.45-b02 mixed mode linux-amd64 compressed oops)
Heap:
 PSYoungGen      total 228864K, used 45187K [0x00000000d7000000, 0x00000000f5d80000, 0x0000000100000000)
  eden space 139776K, 24% used [0x00000000d7000000,0x00000000d912dbd0,0x00000000df880000)
  from space 89088K, 12% used [0x00000000df880000,0x00000000e03732a0,0x00000000e4f80000)
  to   space 148480K, 0% used [0x00000000ecc80000,0x00000000ecc80000,0x00000000f5d80000)
 ParOldGen       total 493056K, used 303825K [0x0000000085000000, 0x00000000a3180000, 0x00000000d7000000)
  object space 493056K, 61% used [0x0000000085000000,0x00000000978b45d8,0x00000000a3180000)
 Metaspace       used 5044K, capacity 5564K, committed 5760K, reserved 1056768K
  class space    used 544K, capacity 592K, committed 640K, reserved 1048576K
GC Heap History (10 events):
Event: 0.846 GC heap before
{Heap before GC invocations=6 (full 1):
 PSYoungGen      total 101888K, used 101856K [0x00000000d7000000, 0x00000000df600000, 0x0000000100000000)
  eden space 96768K, 100% used [0x00000000d7000000,0x00000000dce80000,0x00000000dce80000)
  from space 5120K, 99% used [0x00000000df100000,0x00000000df5f8040,0x00000000df600000)
  to   space 5120K, 0% used [0x00000000dec00000,0x00000000dec00000,0x00000000df100000)
 ParOldGen       total 189440K, used 118491K [0x0000000085000000, 0x0000000090900000, 0x00000000d7000000)
  object space 189440K, 62% used [0x0000000085000000,0x000000008c3b6dd8,0x0000000090900000)
 Metaspace       used 4706K, capacity 5342K, committed 5504K, reserved 1056768K
  class space    used 503K, capacity 539K, committed 640K, reserved 1048576K
Event: 0.931 GC heap after
Heap after GC invocations=6 (full 1):
 PSYoungGen      total 132096K, used 5088K [0x00000000d7000000, 0x00000000e9900000, 0x0000000100000000)
  eden space 126976K, 0% used [0x00000000d7000000,0x00000000d7000000,0x00000000dec00000)
  from space 5120K, 99% used [0x00000000dec00000,0x00000000df0f8020,0x00000000df100000)
  to   space 75264K, 0% used [0x00000000e4f80000,0x00000000e4f80000,0x00000000e9900000)
 ParOldGen       total 189440K, used 177003K [0x0000000085000000, 0x0000000090900000, 0x00000000d7000000)
  object space 189440K, 93% used [0x0000000085000000,0x000000008fcdaf38,0x0000000090900000)
 Metaspace       used 4706K, capacity 5342K, committed 5504K, reserved 1056768K
  class space    used 503K, capacity 539K, committed 640K, reserved 1048576K
}
Event: 0.931 GC heap before
{Heap before GC invocations=7 (full 2):
 PSYoungGen      total 132096K, used 5088K [0x00000000d7000000, 0x00000000e9900000, 0x0000000100000000)
  eden space 126976K, 0% used [0x00000000d7000000,0x00000000d7000000,0x00000000dec00000)
  from space 5120K, 99% used [0x00000000dec00000,0x00000000df0f8020,0x00000000df100000)
  to   space 75264K, 0% used [0x00000000e4f80000,0x00000000e4f80000,0x00000000e9900000)
 ParOldGen       total 189440K, used 177003K [0x0000000085000000, 0x0000000090900000, 0x00000000d7000000)
  object space 189440K, 93% used [0x0000000085000000,0x000000008fcdaf38,0x0000000090900000)
 Metaspace       used 4706K, capacity 5342K, committed 5504K, reserved 1056768K
  class space    used 503K, capacity 539K, committed 640K, reserved 1048576K
Event: 1.278 GC heap after
Heap after GC invocations=7 (full 2):
 PSYoungGen      total 132096K, used 0K [0x00000000d7000000, 0x00000000e9900000, 0x0000000100000000)
  eden space 126976K, 0% used [0x00000000d7000000,0x00000000d7000000,0x00000000dec00000)
  from space 5120K, 0% used [0x00000000dec00000,0x00000000dec00000,0x00000000df100000)
  to   space 75264K, 0% used [0x00000000e4f80000,0x00000000e4f80000,0x00000000e9900000)
 ParOldGen       total 304128K, used 163982K [0x0000000085000000, 0x0000000097900000, 0x00000000d7000000)
  object space 304128K, 53% used [0x0000000085000000,0x000000008f023a28,0x0000000097900000)
 Metaspace       used 4706K, capacity 5342K, committed 5504K, reserved 1056768K
  class space    used 503K, capacity 539K, committed 640K, reserved 1048576K
}
Event: 1.381 GC heap before
{Heap before GC invocations=8 (full 2):
 PSYoungGen      total 132096K, used 125314K [0x00000000d7000000, 0x00000000e9900000, 0x0000000100000000)
  eden space 126976K, 98% used [0x00000000d7000000,0x00000000dea60a28,0x00000000dec00000)
  from space 5120K, 0% used [0x00000000dec00000,0x00000000dec00000,0x00000000df100000)
  to   space 75264K, 0% used [0x00000000e4f80000,0x00000000e4f80000,0x00000000e9900000)
 ParOldGen       total 304128K, used 163982K [0x0000000085000000, 0x0000000097900000, 0x00000000d7000000)
  object space 304128K, 53% used [0x0000000085000000,0x000000008f023a28,0x0000000097900000)
 Metaspace       used 4795K, capacity 5422K, committed 5504K, reserved 1056768K
  class space    used 512K, capacity 579K, committed 640K, reserved 1048576K
Event: 1.467 GC heap after
Heap after GC invocations=8 (full 2):
 PSYoungGen      total 215040K, used 74816K [0x00000000d7000000, 0x00000000ed080000, 0x0000000100000000)
  eden space 139776K, 0% used [0x00000000d7000000,0x00000000d7000000,0x00000000df880000)
  from space 75264K, 99% used [0x00000000e4f80000,0x00000000e9890160,0x00000000e9900000)
  to   space 89088K, 0% used [0x00000000df880000,0x00000000df880000,0x00000000e4f80000)
 ParOldGen       total 304128K, used 163990K [0x0000000085000000, 0x0000000097900000, 0x00000000d7000000)
  object space 304128K, 53% used [0x0000000085000000,0x000000008f025a28,0x0000000097900000)
 Metaspace       used 4795K, capacity 5422K, committed 5504K, reserved 1056768K
  class space    used 512K, capacity 579K, committed 640K, reserved 1048576K
}
Event: 1.567 GC heap before
{Heap before GC invocations=9 (full 2):
 PSYoungGen      total 215040K, used 214592K [0x00000000d7000000, 0x00000000ed080000, 0x0000000100000000)
  eden space 139776K, 100% used [0x00000000d7000000,0x00000000df880000,0x00000000df880000)
  from space 75264K, 99% used [0x00000000e4f80000,0x00000000e9890160,0x00000000e9900000)
  to   space 89088K, 0% used [0x00000000df880000,0x00000000df880000,0x00000000e4f80000)
 ParOldGen       total 304128K, used 163990K [0x0000000085000000, 0x0000000097900000, 0x00000000d7000000)
  object space 304128K, 53% used [0x0000000085000000,0x000000008f025a28,0x0000000097900000)
 Metaspace       used 4884K, capacity 5506K, committed 5760K, reserved 1056768K
  class space    used 524K, capacity 593K, committed 640K, reserved 1048576K
Event: 1.751 GC heap after
Heap after GC invocations=9 (full 2):
 PSYoungGen      total 228864K, used 89056K [0x00000000d7000000, 0x00000000f5d80000, 0x0000000100000000)
  eden space 139776K, 0% used [0x00000000d7000000,0x00000000d7000000,0x00000000df880000)
  from space 89088K, 99% used [0x00000000df880000,0x00000000e4f781f0,0x00000000e4f80000)
  to   space 148480K, 0% used [0x00000000ecc80000,0x00000000ecc80000,0x00000000f5d80000)
 ParOldGen       total 304128K, used 251602K [0x0000000085000000, 0x0000000097900000, 0x00000000d7000000)
  object space 304128K, 82% used [0x0000000085000000,0x00000000945b4bc8,0x0000000097900000)
 Metaspace       used 4884K, capacity 5506K, committed 5760K, reserved 1056768K
  class space    used 524K, capacity 593K, committed 640K, reserved 1048576K
}
Event: 1.751 GC heap before
{Heap before GC invocations=10 (full 3):
 PSYoungGen      total 228864K, used 89056K [0x00000000d7000000, 0x00000000f5d80000, 0x0000000100000000)
  eden space 139776K, 0% used [0x00000000d7000000,0x00000000d7000000,0x00000000df880000)
  from space 89088K, 99% used [0x00000000df880000,0x00000000e4f781f0,0x00000000e4f80000)
  to   space 148480K, 0% used [0x00000000ecc80000,0x00000000ecc80000,0x00000000f5d80000)
 ParOldGen       total 304128K, used 251602K [0x0000000085000000, 0x0000000097900000, 0x00000000d7000000)
  object space 304128K, 82% used [0x0000000085000000,0x00000000945b4bc8,0x0000000097900000)
 Metaspace       used 4884K, capacity 5506K, committed 5760K, reserved 1056768K
  class space    used 524K, capacity 593K, committed 640K, reserved 1048576K
Event: 2.342 GC heap after
Heap after GC invocations=10 (full 3):
 PSYoungGen      total 228864K, used 11212K [0x00000000d7000000, 0x00000000f5d80000, 0x0000000100000000)
  eden space 139776K, 0% used [0x00000000d7000000,0x00000000d7000000,0x00000000df880000)
  from space 89088K, 12% used [0x00000000df880000,0x00000000e03732a0,0x00000000e4f80000)
  to   space 148480K, 0% used [0x00000000ecc80000,0x00000000ecc80000,0x00000000f5d80000)
 ParOldGen       total 493056K, used 303825K [0x0000000085000000, 0x00000000a3180000, 0x00000000d7000000)
  object space 493056K, 61% used [0x0000000085000000,0x00000000978b45d8,0x00000000a3180000)
 Metaspace       used 4880K, capacity 5500K, committed 5760K, reserved 1056768K
  class space    used 524K, capacity 592K, committed 640K, reserved 1048576K
}

