# JRE version: OpenJDK Runtime Environment (8.0_45-b14) (build 1.8.0_45-internal-b14)
# Java VM: OpenJDK 64-Bit Server VM (25.45-b02 mixed mode linux-amd64 compressed oops)
Heap:
 PSYoungGen      total 235520K, used 39218K [0x00000000d7000000, 0x00000000f6800000, 0x0000000100000000)
  eden space 145408K, 18% used [0x00000000d7000000,0x00000000d89d3ec8,0x00000000dfe00000)
  from space 90112K, 14% used [0x00000000dfe00000,0x00000000e0a789a8,0x00000000e5600000)
  to   space 148992K, 0% used [0x00000000ed680000,0x00000000ed680000,0x00000000f6800000)
 ParOldGen       total 489472K, used 302367K [0x0000000085000000, 0x00000000a2e00000, 0x00000000d7000000)
  object space 489472K, 61% used [0x0000000085000000,0x0000000097747f78,0x00000000a2e00000)
 Metaspace       used 5025K, capacity 5564K, committed 5760K, reserved 1056768K
  class space    used 544K, capacity 592K, committed 640K, reserved 1048576K
GC Heap History (10 events):
Event: 0.794 GC heap before
{Heap before GC invocations=6 (full 1):
 PSYoungGen      total 103936K, used 103920K [0x00000000d7000000, 0x00000000df600000, 0x0000000100000000)
  eden space 98816K, 100% used [0x00000000d7000000,0x00000000dd080000,0x00000000dd080000)
  from space 5120K, 99% used [0x00000000df100000,0x00000000df5fc020,0x00000000df600000)
  to   space 5120K, 0% used [0x00000000dec00000,0x00000000dec00000,0x00000000df100000)
 ParOldGen       total 187392K, used 117224K [0x0000000085000000, 0x0000000090700000, 0x00000000d7000000)
  object space 187392K, 62% used [0x0000000085000000,0x000000008c27a218,0x0000000090700000)
 Metaspace       used 4684K, capacity 5342K, committed 5504K, reserved 1056768K
  class space    used 501K, capacity 539K, committed 640K, reserved 1048576K
Event: 0.890 GC heap after
Heap after GC invocations=6 (full 1):
 PSYoungGen      total 132096K, used 5120K [0x00000000d7000000, 0x00000000ea080000, 0x0000000100000000)
  eden space 126976K, 0% used [0x00000000d7000000,0x00000000d7000000,0x00000000dec00000)
  from space 5120K, 100% used [0x00000000dec00000,0x00000000df100000,0x00000000df100000)
  to   space 76288K, 0% used [0x00000000e5600000,0x00000000e5600000,0x00000000ea080000)
 ParOldGen       total 187392K, used 177976K [0x0000000085000000, 0x0000000090700000, 0x00000000d7000000)
  object space 187392K, 94% used [0x0000000085000000,0x000000008fdce398,0x0000000090700000)
 Metaspace       used 4684K, capacity 5342K, committed 5504K, reserved 1056768K
  class space    used 501K, capacity 539K, committed 640K, reserved 1048576K
}
Event: 0.890 GC heap before
{Heap before GC invocations=7 (full 2):
 PSYoungGen      total 132096K, used 5120K [0x00000000d7000000, 0x00000000ea080000, 0x0000000100000000)
  eden space 126976K, 0% used [0x00000000d7000000,0x00000000d7000000,0x00000000dec00000)
  from space 5120K, 100% used [0x00000000dec00000,0x00000000df100000,0x00000000df100000)
  to   space 76288K, 0% used [0x00000000e5600000,0x00000000e5600000,0x00000000ea080000)
 ParOldGen       total 187392K, used 177976K [0x0000000085000000, 0x0000000090700000, 0x00000000d7000000)
  object space 187392K, 94% used [0x0000000085000000,0x000000008fdce398,0x0000000090700000)
 Metaspace       used 4684K, capacity 5342K, committed 5504K, reserved 1056768K
  class space    used 501K, capacity 539K, committed 640K, reserved 1048576K
Event: 1.229 GC heap after
Heap after GC invocations=7 (full 2):
 PSYoungGen      total 132096K, used 0K [0x00000000d7000000, 0x00000000ea080000, 0x0000000100000000)
  eden space 126976K, 0% used [0x00000000d7000000,0x00000000d7000000,0x00000000dec00000)
  from space 5120K, 0% used [0x00000000dec00000,0x00000000dec00000,0x00000000df100000)
  to   space 76288K, 0% used [0x00000000e5600000,0x00000000e5600000,0x00000000ea080000)
 ParOldGen       total 304640K, used 164641K [0x0000000085000000, 0x0000000097980000, 0x00000000d7000000)
  object space 304640K, 54% used [0x0000000085000000,0x000000008f0c86b8,0x0000000097980000)
 Metaspace       used 4684K, capacity 5342K, committed 5504K, reserved 1056768K
  class space    used 501K, capacity 539K, committed 640K, reserved 1048576K
}
Event: 1.330 GC heap before
{Heap before GC invocations=8 (full 2):
 PSYoungGen      total 132096K, used 124366K [0x00000000d7000000, 0x00000000ea080000, 0x0000000100000000)
  eden space 126976K, 97% used [0x00000000d7000000,0x00000000de973970,0x00000000dec00000)
  from space 5120K, 0% used [0x00000000dec00000,0x00000000dec00000,0x00000000df100000)
  to   space 76288K, 0% used [0x00000000e5600000,0x00000000e5600000,0x00000000ea080000)
 ParOldGen       total 304640K, used 164641K [0x0000000085000000, 0x0000000097980000, 0x00000000d7000000)
  object space 304640K, 54% used [0x0000000085000000,0x000000008f0c86b8,0x0000000097980000)
 Metaspace       used 4779K, capacity 5422K, committed 5504K, reserved 1056768K
  class space    used 512K, capacity 579K, committed 640K, reserved 1048576K
Event: 1.419 GC heap after
Heap after GC invocations=8 (full 2):
 PSYoungGen      total 221696K, used 74624K [0x00000000d7000000, 0x00000000ed480000, 0x0000000100000000)
  eden space 145408K, 0% used [0x00000000d7000000,0x00000000d7000000,0x00000000dfe00000)
  from space 76288K, 97% used [0x00000000e5600000,0x00000000e9ee0170,0x00000000ea080000)
  to   space 90112K, 0% used [0x00000000dfe00000,0x00000000dfe00000,0x00000000e5600000)
 ParOldGen       total 304640K, used 164649K [0x0000000085000000, 0x0000000097980000, 0x00000000d7000000)
  object space 304640K, 54% used [0x0000000085000000,0x000000008f0ca6b8,0x0000000097980000)
 Metaspace       used 4779K, capacity 5422K, committed 5504K, reserved 1056768K
  class space    used 512K, capacity 579K, committed 640K, reserved 1048576K
}
Event: 1.526 GC heap before
{Heap before GC invocations=9 (full 2):
 PSYoungGen      total 221696K, used 220032K [0x00000000d7000000, 0x00000000ed480000, 0x0000000100000000)
  eden space 145408K, 100% used [0x00000000d7000000,0x00000000dfe00000,0x00000000dfe00000)
  from space 76288K, 97% used [0x00000000e5600000,0x00000000e9ee0170,0x00000000ea080000)
  to   space 90112K, 0% used [0x00000000dfe00000,0x00000000dfe00000,0x00000000e5600000)
 ParOldGen       total 304640K, used 164649K [0x0000000085000000, 0x0000000097980000, 0x00000000d7000000)
  object space 304640K, 54% used [0x0000000085000000,0x000000008f0ca6b8,0x0000000097980000)
 Metaspace       used 4867K, capacity 5500K, committed 5760K, reserved 1056768K
  class space    used 524K, capacity 592K, committed 640K, reserved 1048576K
Event: 1.708 GC heap after
Heap after GC invocations=9 (full 2):
 PSYoungGen      total 235520K, used 90086K [0x00000000d7000000, 0x00000000f6800000, 0x0000000100000000)
  eden space 145408K, 0% used [0x00000000d7000000,0x00000000d7000000,0x00000000dfe00000)
  from space 90112K, 99% used [0x00000000dfe00000,0x00000000e55f9a60,0x00000000e5600000)
  to   space 148992K, 0% used [0x00000000ed680000,0x00000000ed680000,0x00000000f6800000)
 ParOldGen       total 304640K, used 250720K [0x0000000085000000, 0x0000000097980000, 0x00000000d7000000)
  object space 304640K, 82% used [0x0000000085000000,0x00000000944d81f8,0x0000000097980000)
 Metaspace       used 4867K, capacity 5500K, committed 5760K, reserved 1056768K
  class space    used 524K, capacity 592K, committed 640K, reserved 1048576K
}
Event: 1.708 GC heap before
{Heap before GC invocations=10 (full 3):
 PSYoungGen      total 235520K, used 90086K [0x00000000d7000000, 0x00000000f6800000, 0x0000000100000000)
  eden space 145408K, 0% used [0x00000000d7000000,0x00000000d7000000,0x00000000dfe00000)
  from space 90112K, 99% used [0x00000000dfe00000,0x00000000e55f9a60,0x00000000e5600000)
  to   space 148992K, 0% used [0x00000000ed680000,0x00000000ed680000,0x00000000f6800000)
 ParOldGen       total 304640K, used 250720K [0x0000000085000000, 0x0000000097980000, 0x00000000d7000000)
  object space 304640K, 82% used [0x0000000085000000,0x00000000944d81f8,0x0000000097980000)
 Metaspace       used 4867K, capacity 5500K, committed 5760K, reserved 1056768K
  class space    used 524K, capacity 592K, committed 640K, reserved 1048576K
Event: 2.333 GC heap after
Heap after GC invocations=10 (full 3):
 PSYoungGen      total 235520K, used 12770K [0x00000000d7000000, 0x00000000f6800000, 0x0000000100000000)
  eden space 145408K, 0% used [0x00000000d7000000,0x00000000d7000000,0x00000000dfe00000)
  from space 90112K, 14% used [0x00000000dfe00000,0x00000000e0a789a8,0x00000000e5600000)
  to   space 148992K, 0% used [0x00000000ed680000,0x00000000ed680000,0x00000000f6800000)
 ParOldGen       total 489472K, used 302367K [0x0000000085000000, 0x00000000a2e00000, 0x00000000d7000000)
  object space 489472K, 61% used [0x0000000085000000,0x0000000097747f78,0x00000000a2e00000)
 Metaspace       used 4867K, capacity 5500K, committed 5760K, reserved 1056768K
  class space    used 524K, capacity 592K, committed 640K, reserved 1048576K
}

