# JRE version: OpenJDK Runtime Environment (8.0_45-b14) (build 1.8.0_45-internal-b14)
# Java VM: OpenJDK 64-Bit Server VM (25.45-b02 mixed mode linux-amd64 compressed oops)
Heap:
 PSYoungGen      total 235008K, used 38293K [0x00000000d7000000, 0x00000000f6700000, 0x0000000100000000)
  eden space 143872K, 19% used [0x00000000d7000000,0x00000000d8b67b18,0x00000000dfc80000)
  from space 91136K, 11% used [0x00000000dfc80000,0x00000000e067daa8,0x00000000e5580000)
  to   space 149504K, 0% used [0x00000000ed500000,0x00000000ed500000,0x00000000f6700000)
 ParOldGen       total 489984K, used 303776K [0x0000000085000000, 0x00000000a2e80000, 0x00000000d7000000)
  object space 489984K, 61% used [0x0000000085000000,0x00000000978a8208,0x00000000a2e80000)
 Metaspace       used 5040K, capacity 5564K, committed 5760K, reserved 1056768K
  class space    used 544K, capacity 592K, committed 640K, reserved 1048576K
GC Heap History (10 events):
Event: 0.720 GC heap before
{Heap before GC invocations=6 (full 1):
 PSYoungGen      total 103424K, used 103424K [0x00000000d7000000, 0x00000000df600000, 0x0000000100000000)
  eden space 98304K, 100% used [0x00000000d7000000,0x00000000dd000000,0x00000000dd000000)
  from space 5120K, 100% used [0x00000000df100000,0x00000000df600000,0x00000000df600000)
  to   space 5120K, 0% used [0x00000000dec00000,0x00000000dec00000,0x00000000df100000)
 ParOldGen       total 189440K, used 117423K [0x0000000085000000, 0x0000000090900000, 0x00000000d7000000)
  object space 189440K, 61% used [0x0000000085000000,0x000000008c2abf40,0x0000000090900000)
 Metaspace       used 4692K, capacity 5342K, committed 5504K, reserved 1056768K
  class space    used 501K, capacity 539K, committed 640K, reserved 1048576K
Event: 0.817 GC heap after
Heap after GC invocations=6 (full 1):
 PSYoungGen      total 132096K, used 5120K [0x00000000d7000000, 0x00000000ea080000, 0x0000000100000000)
  eden space 126976K, 0% used [0x00000000d7000000,0x00000000d7000000,0x00000000dec00000)
  from space 5120K, 100% used [0x00000000dec00000,0x00000000df100000,0x00000000df100000)
  to   space 76800K, 0% used [0x00000000e5580000,0x00000000e5580000,0x00000000ea080000)
 ParOldGen       total 189440K, used 178616K [0x0000000085000000, 0x0000000090900000, 0x00000000d7000000)
  object space 189440K, 94% used [0x0000000085000000,0x000000008fe6e0c0,0x0000000090900000)
 Metaspace       used 4692K, capacity 5342K, committed 5504K, reserved 1056768K
  class space    used 501K, capacity 539K, committed 640K, reserved 1048576K
}
Event: 0.817 GC heap before
{Heap before GC invocations=7 (full 2):
 PSYoungGen      total 132096K, used 5120K [0x00000000d7000000, 0x00000000ea080000, 0x0000000100000000)
  eden space 126976K, 0% used [0x00000000d7000000,0x00000000d7000000,0x00000000dec00000)
  from space 5120K, 100% used [0x00000000dec00000,0x00000000df100000,0x00000000df100000)
  to   space 76800K, 0% used [0x00000000e5580000,0x00000000e5580000,0x00000000ea080000)
 ParOldGen       total 189440K, used 178616K [0x0000000085000000, 0x0000000090900000, 0x00000000d7000000)
  object space 189440K, 94% used [0x0000000085000000,0x000000008fe6e0c0,0x0000000090900000)
 Metaspace       used 4692K, capacity 5342K, committed 5504K, reserved 1056768K
  class space    used 501K, capacity 539K, committed 640K, reserved 1048576K
Event: 1.152 GC heap after
Heap after GC invocations=7 (full 2):
 PSYoungGen      total 132096K, used 0K [0x00000000d7000000, 0x00000000ea080000, 0x0000000100000000)
  eden space 126976K, 0% used [0x00000000d7000000,0x00000000d7000000,0x00000000dec00000)
  from space 5120K, 0% used [0x00000000dec00000,0x00000000dec00000,0x00000000df100000)
  to   space 76800K, 0% used [0x00000000e5580000,0x00000000e5580000,0x00000000ea080000)
 ParOldGen       total 304128K, used 163879K [0x0000000085000000, 0x0000000097900000, 0x00000000d7000000)
  object space 304128K, 53% used [0x0000000085000000,0x000000008f009c08,0x0000000097900000)
 Metaspace       used 4692K, capacity 5342K, committed 5504K, reserved 1056768K
  class space    used 501K, capacity 539K, committed 640K, reserved 1048576K
}
Event: 1.235 GC heap before
{Heap before GC invocations=8 (full 2):
 PSYoungGen      total 132096K, used 126976K [0x00000000d7000000, 0x00000000ea080000, 0x0000000100000000)
  eden space 126976K, 100% used [0x00000000d7000000,0x00000000dec00000,0x00000000dec00000)
  from space 5120K, 0% used [0x00000000dec00000,0x00000000dec00000,0x00000000df100000)
  to   space 76800K, 0% used [0x00000000e5580000,0x00000000e5580000,0x00000000ea080000)
 ParOldGen       total 304128K, used 163879K [0x0000000085000000, 0x0000000097900000, 0x00000000d7000000)
  object space 304128K, 53% used [0x0000000085000000,0x000000008f009c08,0x0000000097900000)
 Metaspace       used 4785K, capacity 5422K, committed 5504K, reserved 1056768K
  class space    used 512K, capacity 579K, committed 640K, reserved 1048576K
Event: 1.321 GC heap after
Heap after GC invocations=8 (full 2):
 PSYoungGen      total 220672K, used 75968K [0x00000000d7000000, 0x00000000ed680000, 0x0000000100000000)
  eden space 143872K, 0% used [0x00000000d7000000,0x00000000d7000000,0x00000000dfc80000)
  from space 76800K, 98% used [0x00000000e5580000,0x00000000e9fb0170,0x00000000ea080000)
  to   space 91136K, 0% used [0x00000000dfc80000,0x00000000dfc80000,0x00000000e5580000)
 ParOldGen       total 304128K, used 163887K [0x0000000085000000, 0x0000000097900000, 0x00000000d7000000)
  object space 304128K, 53% used [0x0000000085000000,0x000000008f00bc08,0x0000000097900000)
 Metaspace       used 4785K, capacity 5422K, committed 5504K, reserved 1056768K
  class space    used 512K, capacity 579K, committed 640K, reserved 1048576K
}
Event: 1.420 GC heap before
{Heap before GC invocations=9 (full 2):
 PSYoungGen      total 220672K, used 219840K [0x00000000d7000000, 0x00000000ed680000, 0x0000000100000000)
  eden space 143872K, 100% used [0x00000000d7000000,0x00000000dfc80000,0x00000000dfc80000)
  from space 76800K, 98% used [0x00000000e5580000,0x00000000e9fb0170,0x00000000ea080000)
  to   space 91136K, 0% used [0x00000000dfc80000,0x00000000dfc80000,0x00000000e5580000)
 ParOldGen       total 304128K, used 163887K [0x0000000085000000, 0x0000000097900000, 0x00000000d7000000)
  object space 304128K, 53% used [0x0000000085000000,0x000000008f00bc08,0x0000000097900000)
 Metaspace       used 4874K, capacity 5500K, committed 5760K, reserved 1056768K
  class space    used 524K, capacity 592K, committed 640K, reserved 1048576K
Event: 1.603 GC heap after
Heap after GC invocations=9 (full 2):
 PSYoungGen      total 235008K, used 91135K [0x00000000d7000000, 0x00000000f6700000, 0x0000000100000000)
  eden space 143872K, 0% used [0x00000000d7000000,0x00000000d7000000,0x00000000dfc80000)
  from space 91136K, 99% used [0x00000000dfc80000,0x00000000e557fe10,0x00000000e5580000)
  to   space 149504K, 0% used [0x00000000ed500000,0x00000000ed500000,0x00000000f6700000)
 ParOldGen       total 304128K, used 248505K [0x0000000085000000, 0x0000000097900000, 0x00000000d7000000)
  object space 304128K, 81% used [0x0000000085000000,0x00000000942ae5a8,0x0000000097900000)
 Metaspace       used 4874K, capacity 5500K, committed 5760K, reserved 1056768K
  class space    used 524K, capacity 592K, committed 640K, reserved 1048576K
}
Event: 1.603 GC heap before
{Heap before GC invocations=10 (full 3):
 PSYoungGen      total 235008K, used 91135K [0x00000000d7000000, 0x00000000f6700000, 0x0000000100000000)
  eden space 143872K, 0% used [0x00000000d7000000,0x00000000d7000000,0x00000000dfc80000)
  from space 91136K, 99% used [0x00000000dfc80000,0x00000000e557fe10,0x00000000e5580000)
  to   space 149504K, 0% used [0x00000000ed500000,0x00000000ed500000,0x00000000f6700000)
 ParOldGen       total 304128K, used 248505K [0x0000000085000000, 0x0000000097900000, 0x00000000d7000000)
  object space 304128K, 81% used [0x0000000085000000,0x00000000942ae5a8,0x0000000097900000)
 Metaspace       used 4874K, capacity 5500K, committed 5760K, reserved 1056768K
  class space    used 524K, capacity 592K, committed 640K, reserved 1048576K
Event: 2.213 GC heap after
Heap after GC invocations=10 (full 3):
 PSYoungGen      total 235008K, used 10230K [0x00000000d7000000, 0x00000000f6700000, 0x0000000100000000)
  eden space 143872K, 0% used [0x00000000d7000000,0x00000000d7000000,0x00000000dfc80000)
  from space 91136K, 11% used [0x00000000dfc80000,0x00000000e067daa8,0x00000000e5580000)
  to   space 149504K, 0% used [0x00000000ed500000,0x00000000ed500000,0x00000000f6700000)
 ParOldGen       total 489984K, used 303776K [0x0000000085000000, 0x00000000a2e80000, 0x00000000d7000000)
  object space 489984K, 61% used [0x0000000085000000,0x00000000978a8208,0x00000000a2e80000)
 Metaspace       used 4874K, capacity 5500K, committed 5760K, reserved 1056768K
  class space    used 524K, capacity 592K, committed 640K, reserved 1048576K
}

